<?xml version="1.0" encoding="UTF-8"?>
<!-- Generated by org.testng.reporters.JUnitReportReporter -->
<testsuite hostname="Shijas-MacBook-Pro.local" failures="0" tests="2" name="tests.LoginTest" time="36.638" errors="0" timestamp="2021-03-13T13:17:57 PST" skipped="0">
  <testcase classname="tests.LoginTest" name="login" time="14.246"/>
  <system-out/>
  <testcase classname="tests.LoginTest" name="login" time="22.392"/>
  <system-out/>
</testsuite> <!-- tests.LoginTest -->
